INFO - 2023-03-14 10:44:22,469 - ---------------------CLOSE-POSITION---------------------
INFO - 2023-03-14 10:44:22,469 - No cached positions for BTC-USDT
INFO - 2023-03-14 10:44:22,470 - Requesting open BTC-USDT positions from BingX
INFO - 2023-03-14 10:44:22,788 - Adding BTC-USDT Long position to cache
INFO - 2023-03-14 10:44:22,788 - No open positions for BTC-USDT
INFO - 2023-03-14 10:44:22,788 - CLOSE-POSITION: DONE IN 319ms
INFO - 2023-03-14 10:44:22,788 - -----------------REQUEST-FINISHED-----------------------
INFO - 2023-03-14 14:57:32,354 - ---------------------CLOSE-POSITION---------------------
INFO - 2023-03-14 14:57:32,355 - No cached positions for BTC-USDT
INFO - 2023-03-14 14:57:32,355 - Requesting open BTC-USDT positions from BingX
INFO - 2023-03-14 14:57:32,677 - Adding BTC-USDT Long position to cache
INFO - 2023-03-14 14:57:32,678 - No open positions for BTC-USDT
INFO - 2023-03-14 14:57:32,678 - CLOSE-POSITION: DONE IN 324ms
INFO - 2023-03-14 14:57:32,678 - -----------------REQUEST-FINISHED-----------------------
INFO - 2023-03-14 15:05:54,409 - ---------------------CLOSE-POSITION---------------------
INFO - 2023-03-14 15:05:54,409 - No cached positions for BTC-USDT
INFO - 2023-03-14 15:05:54,409 - Requesting open BTC-USDT positions from BingX
INFO - 2023-03-14 15:05:54,783 - Adding BTC-USDT Long position to cache
INFO - 2023-03-14 15:05:54,783 - No open positions for BTC-USDT
INFO - 2023-03-14 15:05:54,783 - CLOSE-POSITION: DONE IN 374ms
INFO - 2023-03-14 15:05:54,784 - -----------------REQUEST-FINISHED-----------------------
INFO - 2023-03-14 15:13:59,267 - ---------------------CLOSE-POSITION---------------------
INFO - 2023-03-14 15:13:59,268 - No cached positions for BTC-USDT
INFO - 2023-03-14 15:13:59,268 - Requesting open BTC-USDT positions from BingX
INFO - 2023-03-14 15:13:59,733 - Adding BTC-USDT Long position to cache
INFO - 2023-03-14 15:13:59,734 - No open positions for BTC-USDT
INFO - 2023-03-14 15:13:59,734 - CLOSE-POSITION: DONE IN 467ms
INFO - 2023-03-14 15:13:59,734 - -----------------REQUEST-FINISHED-----------------------
INFO - 2023-03-14 15:26:30,651 - ---------------------CLOSE-POSITION---------------------
INFO - 2023-03-14 15:26:30,651 - No cached positions for BTC-USDT
INFO - 2023-03-14 15:26:30,651 - Requesting open BTC-USDT positions from BingX
INFO - 2023-03-14 15:26:30,954 - Adding BTC-USDT Long position to cache
INFO - 2023-03-14 15:26:30,955 - No open positions for BTC-USDT
INFO - 2023-03-14 15:26:30,955 - CLOSE-POSITION: DONE IN 304ms
INFO - 2023-03-14 15:26:30,955 - -----------------REQUEST-FINISHED-----------------------
INFO - 2023-03-14 15:32:29,881 - ---------------------CLOSE-POSITION---------------------
INFO - 2023-03-14 15:32:29,882 - No cached positions for BTC-USDT
INFO - 2023-03-14 15:32:29,882 - Requesting open BTC-USDT positions from BingX
INFO - 2023-03-14 15:33:05,604 - ---------------------CLOSE-POSITION---------------------
INFO - 2023-03-14 15:33:05,604 - No cached positions for BTC-USDT
INFO - 2023-03-14 15:33:05,604 - Requesting open BTC-USDT positions from BingX
INFO - 2023-03-14 15:33:05,915 - Adding BTC-USDT Long position to cache
INFO - 2023-03-14 15:33:05,915 - No open positions for BTC-USDT
INFO - 2023-03-14 15:33:05,915 - CLOSE-POSITION: DONE IN 311ms
INFO - 2023-03-14 15:33:05,915 - -----------------REQUEST-FINISHED-----------------------
INFO - 2023-03-14 17:02:11,357 - ---------------------CLOSE-POSITION---------------------
INFO - 2023-03-14 17:02:11,358 - No cached positions for BTC-USDT
INFO - 2023-03-14 17:02:11,358 - Requesting open BTC-USDT positions from BingX
INFO - 2023-03-14 17:02:37,189 - ---------------------CLOSE-POSITION---------------------
INFO - 2023-03-14 17:02:37,189 - No cached positions for BTC-USDT
INFO - 2023-03-14 17:02:37,189 - Requesting open BTC-USDT positions from BingX
INFO - 2023-03-14 17:02:37,700 - Adding BTC-USDT Long position to cache
INFO - 2023-03-14 17:02:37,700 - No open positions for BTC-USDT
INFO - 2023-03-14 17:02:37,700 - CLOSE-POSITION: DONE IN 511ms
INFO - 2023-03-14 17:02:37,700 - -----------------REQUEST-FINISHED-----------------------
INFO - 2023-03-14 17:06:04,461 - ---------------------CLOSE-POSITION---------------------
INFO - 2023-03-14 17:06:04,462 - No cached positions for BTC-USDT
INFO - 2023-03-14 17:06:04,462 - Requesting open BTC-USDT positions from BingX
INFO - 2023-03-14 17:06:05,579 - Adding BTC-USDT Long position to cache
INFO - 2023-03-14 17:06:05,579 - No open positions for BTC-USDT
INFO - 2023-03-14 17:06:05,579 - CLOSE-POSITION: DONE IN 1118ms
INFO - 2023-03-14 17:06:05,580 - -----------------REQUEST-FINISHED-----------------------
INFO - 2023-03-14 17:22:18,504 - ---------------------CLOSE-POSITION---------------------
INFO - 2023-03-14 17:28:52,698 - ---------------------CLOSE-POSITION---------------------
INFO - 2023-03-14 17:28:52,700 - No cached positions for BTC-USDT
INFO - 2023-03-14 17:28:52,700 - Requesting open BTC-USDT positions from BingX
INFO - 2023-03-14 17:28:53,497 - Adding BTC-USDT Long position to cache
INFO - 2023-03-14 17:28:53,497 - No open positions for BTC-USDT
INFO - 2023-03-14 17:28:53,498 - CLOSE-POSITION: DONE IN 799ms
INFO - 2023-03-14 17:28:53,498 - -----------------REQUEST-FINISHED-----------------------
INFO - 2023-03-14 17:32:42,067 - ---------------------CLOSE-POSITION---------------------
INFO - 2023-03-14 17:32:42,067 - No cached positions for BTC-USDT
INFO - 2023-03-14 17:32:42,067 - Requesting open BTC-USDT positions from BingX
INFO - 2023-03-14 17:32:42,900 - Adding BTC-USDT Long position to cache
INFO - 2023-03-14 17:32:42,901 - No open positions for BTC-USDT
INFO - 2023-03-14 17:32:42,902 - CLOSE-POSITION: DONE IN 835ms
INFO - 2023-03-14 17:32:42,902 - -----------------REQUEST-FINISHED-----------------------
2023-03-14 17:35:12,649 - INFO - ---------------------CLOSE-POSITION---------------------
2023-03-14 17:35:12,649 - INFO - No cached positions for BTC-USDT
2023-03-14 17:35:12,649 - INFO - Requesting open BTC-USDT positions from BingX
2023-03-14 17:35:12,991 - INFO - Adding BTC-USDT Long position to cache
2023-03-14 17:35:12,991 - INFO - No open positions for BTC-USDT
2023-03-14 17:35:12,992 - INFO - CLOSE-POSITION: DONE IN 343ms
2023-03-14 17:35:12,992 - INFO - -----------------REQUEST-FINISHED-----------------------
2023-03-14 17:39:14,119 - INFO - ---------------------CLOSE-POSITION---------------------
2023-03-14 17:39:14,119 - INFO - No cached positions for BTC-USDT
2023-03-14 17:39:14,119 - INFO - Requesting open BTC-USDT positions from BingX
2023-03-14 17:39:14,642 - INFO - Adding BTC-USDT Long position to cache
2023-03-14 17:39:14,643 - INFO - No open positions for BTC-USDT
2023-03-14 17:39:14,643 - INFO - CLOSE-POSITION: DONE IN 524ms
2023-03-14 17:39:14,643 - INFO - -----------------REQUEST-FINISHED-----------------------
2023-03-14 17:42:47,643 - INFO - ---------------------CLOSE-POSITION---------------------
2023-03-14 17:42:47,644 - INFO - No cached positions for BTC-USDT
2023-03-14 17:42:47,644 - INFO - Requesting open BTC-USDT positions from BingX
2023-03-14 17:42:47,985 - INFO - Adding BTC-USDT Long position to cache
2023-03-14 17:42:47,986 - INFO - No open positions for BTC-USDT
2023-03-14 17:42:47,986 - INFO - CLOSE-POSITION: DONE IN 343ms
2023-03-14 17:42:47,986 - INFO - -----------------REQUEST-FINISHED-----------------------
2023-03-14 17:45:06,495 - INFO - ---------------------CLOSE-POSITION---------------------
2023-03-14 17:45:06,495 - INFO - No cached positions for BTC-USDT
2023-03-14 17:45:06,495 - INFO - Requesting open BTC-USDT positions from BingX
2023-03-14 17:45:07,003 - INFO - Adding BTC-USDT Long position to cache
2023-03-14 17:45:07,004 - INFO - No open positions for BTC-USDT
2023-03-14 17:45:07,004 - INFO - CLOSE-POSITION: DONE IN 509ms
2023-03-14 17:45:07,004 - INFO - -----------------REQUEST-FINISHED-----------------------
2023-03-14 17:50:31,175 - INFO - ---------------------CLOSE-POSITION---------------------
2023-03-14 17:50:31,176 - INFO - No cached positions for BTC-USDT
2023-03-14 17:50:31,176 - INFO - Requesting open BTC-USDT positions from BingX
2023-03-14 17:50:31,540 - INFO - Adding BTC-USDT Long position to cache
2023-03-14 17:50:31,541 - INFO - No open positions for BTC-USDT
2023-03-14 17:50:31,541 - INFO - CLOSE-POSITION: DONE IN 365ms
2023-03-14 17:50:31,541 - INFO - -----------------REQUEST-FINISHED-----------------------
2023-03-14 17:53:39,903 - INFO - -----------------CLOSE-EXISTING-POSITION----------------
2023-03-14 17:53:39,904 - INFO - No cached positions for BTC-USDT
2023-03-14 17:53:39,904 - INFO - Requesting open BTC-USDT positions from BingX
2023-03-14 17:53:40,242 - INFO - Adding BTC-USDT Long position to cache
2023-03-14 17:53:40,242 - INFO - No open positions for BTC-USDT
2023-03-14 17:53:40,243 - INFO - CLOSE-POSITION: DONE IN 339ms
2023-03-14 17:53:40,243 - INFO - -----------------REQUEST-FINISHED-----------------------
2023-03-14 17:53:40,243 - INFO - ---------------------OPEN-POSITION----------------------
2023-03-14 17:53:40,243 - INFO - Opening new Long for BTC-USDT
2023-03-14 17:53:40,669 - INFO - OPEN-POSITION: DONE IN 425ms
2023-03-14 17:53:40,670 - INFO - --------------------TOTAL-ORDER-TIME--------------------
2023-03-14 17:53:40,670 - INFO - CLOSE-OPEN-REQUEST DONE IN 767ms
2023-03-14 17:53:40,670 - INFO - ---------------------CACHE-POSITION---------------------
2023-03-14 17:53:40,670 - INFO - Requesting open BTC-USDT positions from BingX for caching
2023-03-14 17:53:41,035 - INFO - Adding BTC-USDT Long position to cache
2023-03-14 17:53:41,036 - INFO - CACHE-POSITION: DONE IN 365ms
2023-03-14 17:53:41,036 - INFO - -----------------REQUEST-FINISHED-----------------------
2023-03-14 17:53:49,429 - INFO - ---------------------CLOSE-POSITION---------------------
2023-03-14 17:53:49,430 - INFO - Finding open BTC-USDT positions in cache
2023-03-14 17:53:49,437 - INFO - Closing LONG position for BTC-USDT
2023-03-14 17:53:49,886 - INFO - CLOSE-POSITION: DONE IN 456ms
2023-03-14 17:53:49,887 - INFO - Removing BTC-USDT Long position from cache
2023-03-14 17:53:49,887 - INFO - ----------------REQUEST-FINISHED----------------------
2023-03-15 05:36:54,327 - INFO - ---------------------CLOSE-POSITION---------------------
2023-03-15 05:36:54,327 - INFO - No cached positions for BTC-USDT
2023-03-15 05:36:54,328 - INFO - Requesting open BTC-USDT positions from BingX
2023-03-15 05:36:54,655 - INFO - Adding BTC-USDT Long position to cache
2023-03-15 05:36:54,656 - INFO - No open positions for BTC-USDT
2023-03-15 05:36:54,656 - INFO - CLOSE-POSITION: DONE IN 329ms
2023-03-15 05:36:54,656 - INFO - -----------------REQUEST-FINISHED-----------------------
2023-03-15 05:37:00,338 - INFO - ---------------------CLOSE-POSITION---------------------
2023-03-15 05:37:00,338 - INFO - No cached positions for BTC-USDT
2023-03-15 05:37:00,338 - INFO - Requesting open BTC-USDT positions from BingX
2023-03-15 05:37:01,150 - INFO - Adding BTC-USDT Long position to cache
2023-03-15 05:37:01,151 - INFO - No open positions for BTC-USDT
2023-03-15 05:37:01,151 - INFO - CLOSE-POSITION: DONE IN 813ms
2023-03-15 05:37:01,151 - INFO - -----------------REQUEST-FINISHED-----------------------
2023-03-15 05:37:06,177 - INFO - ---------------------CLOSE-POSITION---------------------
2023-03-15 05:37:06,179 - INFO - No cached positions for BTC-USDT
2023-03-15 05:37:06,179 - INFO - Requesting open BTC-USDT positions from BingX
2023-03-15 05:37:06,530 - INFO - Adding BTC-USDT Long position to cache
2023-03-15 05:37:06,531 - INFO - No open positions for BTC-USDT
2023-03-15 05:37:06,531 - INFO - CLOSE-POSITION: DONE IN 354ms
2023-03-15 05:37:06,532 - INFO - -----------------REQUEST-FINISHED-----------------------
2023-03-15 05:39:22,119 - INFO - ---------------------CLOSE-POSITION---------------------
2023-03-15 05:39:22,120 - INFO - No cached positions for BTC-USDT
2023-03-15 05:39:22,121 - INFO - Requesting open BTC-USDT positions from BingX
2023-03-15 05:39:22,448 - INFO - Adding BTC-USDT Long position to cache
2023-03-15 05:39:22,448 - INFO - No open positions for BTC-USDT
2023-03-15 05:39:22,448 - INFO - CLOSE-POSITION: DONE IN 328ms
2023-03-15 05:39:22,449 - INFO - -----------------REQUEST-FINISHED-----------------------
2023-03-15 05:39:31,143 - INFO - ---------------------CLOSE-POSITION---------------------
2023-03-15 05:39:31,144 - INFO - No cached positions for BTC-USDT
2023-03-15 05:39:31,144 - INFO - Requesting open BTC-USDT positions from BingX
2023-03-15 05:39:31,484 - INFO - Adding BTC-USDT Long position to cache
2023-03-15 05:39:31,485 - INFO - No open positions for BTC-USDT
2023-03-15 05:39:31,485 - INFO - CLOSE-POSITION: DONE IN 341ms
2023-03-15 05:39:31,485 - INFO - -----------------REQUEST-FINISHED-----------------------
2023-03-15 05:39:43,316 - INFO - ---------------------CLOSE-POSITION---------------------
2023-03-15 05:39:43,317 - INFO - No cached positions for BTC-USDT
2023-03-15 05:39:43,317 - INFO - Requesting open BTC-USDT positions from BingX
2023-03-15 05:39:43,668 - INFO - Adding BTC-USDT Long position to cache
2023-03-15 05:39:43,668 - INFO - No open positions for BTC-USDT
2023-03-15 05:39:43,669 - INFO - CLOSE-POSITION: DONE IN 352ms
2023-03-15 05:39:43,669 - INFO - -----------------REQUEST-FINISHED-----------------------
2023-03-15 05:39:48,192 - INFO - ---------------------CLOSE-POSITION---------------------
2023-03-15 05:39:48,193 - INFO - No cached positions for BTC-USDT
2023-03-15 05:39:48,193 - INFO - Requesting open BTC-USDT positions from BingX
2023-03-15 05:39:48,542 - INFO - Adding BTC-USDT Long position to cache
2023-03-15 05:39:48,543 - INFO - No open positions for BTC-USDT
2023-03-15 05:39:48,543 - INFO - CLOSE-POSITION: DONE IN 350ms
2023-03-15 05:39:48,543 - INFO - -----------------REQUEST-FINISHED-----------------------
2023-03-15 05:41:44,062 - INFO - ---------------------CLOSE-POSITION---------------------
2023-03-15 05:41:44,064 - INFO - No cached positions for BTC-USDT
2023-03-15 05:41:44,064 - INFO - Requesting open BTC-USDT positions from BingX
2023-03-15 05:41:44,385 - INFO - Adding BTC-USDT Long position to cache
2023-03-15 05:41:44,386 - INFO - No open positions for BTC-USDT
2023-03-15 05:41:44,386 - INFO - CLOSE-POSITION: DONE IN 323ms
2023-03-15 05:41:44,386 - INFO - -----------------REQUEST-FINISHED-----------------------
2023-03-15 05:44:12,817 - INFO - ---------------------CLOSE-POSITION---------------------
2023-03-15 05:44:12,818 - INFO - No cached positions for BTC-USDT
2023-03-15 05:44:12,818 - INFO - Requesting open BTC-USDT positions from BingX
2023-03-15 05:44:13,611 - INFO - Adding BTC-USDT Long position to cache
2023-03-15 05:44:13,611 - INFO - No open positions for BTC-USDT
2023-03-15 05:44:13,612 - INFO - CLOSE-POSITION: DONE IN 794ms
2023-03-15 05:44:13,612 - INFO - -----------------REQUEST-FINISHED-----------------------
2023-03-15 05:44:54,628 - INFO - ---------------------CLOSE-POSITION---------------------
2023-03-15 05:44:54,629 - INFO - No cached positions for BTC-USDT
2023-03-15 05:44:54,629 - INFO - Requesting open BTC-USDT positions from BingX
2023-03-15 05:44:54,967 - INFO - Adding BTC-USDT Long position to cache
2023-03-15 05:44:54,967 - INFO - No open positions for BTC-USDT
2023-03-15 05:44:54,968 - INFO - CLOSE-POSITION: DONE IN 339ms
2023-03-15 05:44:54,968 - INFO - -----------------REQUEST-FINISHED-----------------------
2023-03-15 05:44:56,597 - INFO - ---------------------CLOSE-POSITION---------------------
2023-03-15 05:44:56,598 - INFO - No cached positions for BTC-USDT
2023-03-15 05:44:56,598 - INFO - Requesting open BTC-USDT positions from BingX
2023-03-15 05:44:56,912 - INFO - Adding BTC-USDT Long position to cache
2023-03-15 05:44:56,913 - INFO - No open positions for BTC-USDT
2023-03-15 05:44:56,913 - INFO - CLOSE-POSITION: DONE IN 316ms
2023-03-15 05:44:56,913 - INFO - -----------------REQUEST-FINISHED-----------------------
2023-03-15 05:46:39,919 - INFO - ---------------------CLOSE-POSITION---------------------
2023-03-15 05:46:39,920 - INFO - No cached positions for BTC-USDT
2023-03-15 05:46:39,920 - INFO - Requesting open BTC-USDT positions from BingX
2023-03-15 05:46:40,764 - INFO - Adding BTC-USDT Long position to cache
2023-03-15 05:46:40,765 - INFO - No open positions for BTC-USDT
2023-03-15 05:46:40,765 - INFO - CLOSE-POSITION: DONE IN 846ms
2023-03-15 05:46:40,766 - INFO - -----------------REQUEST-FINISHED-----------------------
